<?xml version="1.0" encoding="UTF-8"?>
<!-- Generated by org.testng.reporters.JUnitReportReporter -->
<testsuite hostname="SYB-LP-ITS-006" name="order.Cash" tests="3" failures="0" timestamp="27 Sep 2019 12:13:55 GMT" time="81.938" errors="0">
  <testcase name="login" time="32.225" classname="order.Cash"/>
  <testcase name="launchBroswer" time="41.540" classname="order.Cash"/>
  <testcase name="NextTab" time="8.173" classname="order.Cash"/>
</testsuite> <!-- order.Cash -->
